<?xml version="1.0" encoding="UTF-8"?>
<!-- Generated by org.testng.reporters.JUnitReportReporter -->
<testsuite skipped="18" hostname="marjanas-Air" name="pages.HomePageTest" tests="19" failures="0" timestamp="2022-10-07T18:52:32 EDT" time="6.971" errors="0">
  <testcase name="logoDisplayed02" time="6.971" classname="pages.HomePageTest"/>
  <system-out/>
  <testcase name="location" classname="pages.HomePageTest">
    <skipped/>
  </testcase> <!-- location -->
  <system-out/>
  <testcase name="logoDisplayed03" classname="pages.HomePageTest">
    <skipped/>
  </testcase> <!-- logoDisplayed03 -->
  <system-out/>
  <testcase name="logoDisplayed04" classname="pages.HomePageTest">
    <skipped/>
  </testcase> <!-- logoDisplayed04 -->
  <system-out/>
  <testcase name="dropdown_selectByVisisbleText_method" classname="pages.HomePageTest">
    <skipped/>
  </testcase> <!-- dropdown_selectByVisisbleText_method -->
  <system-out/>
  <testcase name="setASpecificSizeOfWindow" classname="pages.HomePageTest">
    <skipped/>
  </testcase> <!-- setASpecificSizeOfWindow -->
  <system-out/>
  <testcase name="dropdown_selectByIndex_Method" classname="pages.HomePageTest">
    <skipped/>
  </testcase> <!-- dropdown_selectByIndex_Method -->
  <system-out/>
  <testcase name="getURL" classname="pages.HomePageTest">
    <skipped/>
  </testcase> <!-- getURL -->
  <system-out/>
  <testcase name="searchTool02" classname="pages.HomePageTest">
    <skipped/>
  </testcase> <!-- searchTool02 -->
  <system-out/>
  <testcase name="search" classname="pages.HomePageTest">
    <skipped/>
  </testcase> <!-- search -->
  <system-out/>
  <testcase name="showMenu" classname="pages.HomePageTest">
    <skipped/>
  </testcase> <!-- showMenu -->
  <system-out/>
  <testcase name="dropdown_selectByValue_method" classname="pages.HomePageTest">
    <skipped/>
  </testcase> <!-- dropdown_selectByValue_method -->
  <system-out/>
  <testcase name="navigate" classname="pages.HomePageTest">
    <skipped/>
  </testcase> <!-- navigate -->
  <system-out/>
  <testcase name="doctorName" classname="pages.HomePageTest">
    <skipped/>
  </testcase> <!-- doctorName -->
  <system-out/>
  <testcase name="getAttribute" classname="pages.HomePageTest">
    <skipped/>
  </testcase> <!-- getAttribute -->
  <system-out/>
  <testcase name="sendKeys" classname="pages.HomePageTest">
    <skipped/>
  </testcase> <!-- sendKeys -->
  <system-out/>
  <testcase name="logoDisplayed" classname="pages.HomePageTest">
    <skipped/>
  </testcase> <!-- logoDisplayed -->
  <system-out/>
  <testcase name="getTitle" classname="pages.HomePageTest">
    <skipped/>
  </testcase> <!-- getTitle -->
  <system-out/>
  <testcase name="mouseHoverAction" classname="pages.HomePageTest">
    <skipped/>
  </testcase> <!-- mouseHoverAction -->
  <system-out/>
</testsuite> <!-- pages.HomePageTest -->
